This is pdfTeX, Version 3.141592653-2.6-1.40.22 (TeX Live 2021/NixOS.org) (preloaded format=pdflatex 2022.2.10)  22 AUG 2022 01:48
entering extended mode
 restricted \write18 enabled.
 %&-line parsing enabled.
**main.tex
(./main.tex
LaTeX2e <2020-10-01> patch level 4
L3 programming layer <2021-02-18>
(/nix/store/wgzkhxc19ycsvcd3bqk44vyyvyfy59nb-texlive-combined-full-2021.2021040
8/share/texmf/tex/latex/base/article.cls
Document Class: article 2020/04/10 v1.4m Standard LaTeX document class

(/nix/store/wgzkhxc19ycsvcd3bqk44vyyvyfy59nb-texlive-combined-full-2021.2021040
8/share/texmf/tex/latex/base/size10.clo
File: size10.clo 2020/04/10 v1.4m Standard LaTeX file (size option)
)
\c@part=\count179
\c@section=\count180
\c@subsection=\count181
\c@subsubsection=\count182
\c@paragraph=\count183
\c@subparagraph=\count184
\c@figure=\count185
\c@table=\count186
\abovecaptionskip=\skip47
\belowcaptionskip=\skip48
\bibindent=\dimen138
)
(/nix/store/wgzkhxc19ycsvcd3bqk44vyyvyfy59nb-texlive-combined-full-2021.2021040
8/share/texmf/tex/latex/hyperref/hyperref.sty
Package: hyperref 2021-02-27 v7.00k Hypertext links for LaTeX

(/nix/store/wgzkhxc19ycsvcd3bqk44vyyvyfy59nb-texlive-combined-full-2021.2021040
8/share/texmf/tex/generic/ltxcmds/ltxcmds.sty
Package: ltxcmds 2020-05-10 v1.25 LaTeX kernel commands for general use (HO)
)
(/nix/store/wgzkhxc19ycsvcd3bqk44vyyvyfy59nb-texlive-combined-full-2021.2021040
8/share/texmf/tex/generic/iftex/iftex.sty
Package: iftex 2020/03/06 v1.0d TeX engine tests
)
(/nix/store/wgzkhxc19ycsvcd3bqk44vyyvyfy59nb-texlive-combined-full-2021.2021040
8/share/texmf/tex/generic/pdftexcmds/pdftexcmds.sty
Package: pdftexcmds 2020-06-27 v0.33 Utility functions of pdfTeX for LuaTeX (HO
)

(/nix/store/wgzkhxc19ycsvcd3bqk44vyyvyfy59nb-texlive-combined-full-2021.2021040
8/share/texmf/tex/generic/infwarerr/infwarerr.sty
Package: infwarerr 2019/12/03 v1.5 Providing info/warning/error messages (HO)
)
Package pdftexcmds Info: \pdf@primitive is available.
Package pdftexcmds Info: \pdf@ifprimitive is available.
Package pdftexcmds Info: \pdfdraftmode found.
)
(/nix/store/wgzkhxc19ycsvcd3bqk44vyyvyfy59nb-texlive-combined-full-2021.2021040
8/share/texmf/tex/latex/graphics/keyval.sty
Package: keyval 2014/10/28 v1.15 key=value parser (DPC)
\KV@toks@=\toks15
)
(/nix/store/wgzkhxc19ycsvcd3bqk44vyyvyfy59nb-texlive-combined-full-2021.2021040
8/share/texmf/tex/generic/kvsetkeys/kvsetkeys.sty
Package: kvsetkeys 2019/12/15 v1.18 Key value parser (HO)
)
(/nix/store/wgzkhxc19ycsvcd3bqk44vyyvyfy59nb-texlive-combined-full-2021.2021040
8/share/texmf/tex/generic/kvdefinekeys/kvdefinekeys.sty
Package: kvdefinekeys 2019-12-19 v1.6 Define keys (HO)
)
(/nix/store/wgzkhxc19ycsvcd3bqk44vyyvyfy59nb-texlive-combined-full-2021.2021040
8/share/texmf/tex/generic/pdfescape/pdfescape.sty
Package: pdfescape 2019/12/09 v1.15 Implements pdfTeX's escape features (HO)
)
(/nix/store/wgzkhxc19ycsvcd3bqk44vyyvyfy59nb-texlive-combined-full-2021.2021040
8/share/texmf/tex/latex/hycolor/hycolor.sty
Package: hycolor 2020-01-27 v1.10 Color options for hyperref/bookmark (HO)
)
(/nix/store/wgzkhxc19ycsvcd3bqk44vyyvyfy59nb-texlive-combined-full-2021.2021040
8/share/texmf/tex/latex/letltxmacro/letltxmacro.sty
Package: letltxmacro 2019/12/03 v1.6 Let assignment for LaTeX macros (HO)
)
(/nix/store/wgzkhxc19ycsvcd3bqk44vyyvyfy59nb-texlive-combined-full-2021.2021040
8/share/texmf/tex/latex/auxhook/auxhook.sty
Package: auxhook 2019-12-17 v1.6 Hooks for auxiliary files (HO)
)
(/nix/store/wgzkhxc19ycsvcd3bqk44vyyvyfy59nb-texlive-combined-full-2021.2021040
8/share/texmf/tex/latex/kvoptions/kvoptions.sty
Package: kvoptions 2020-10-07 v3.14 Key value format for package options (HO)
)
\@linkdim=\dimen139
\Hy@linkcounter=\count187
\Hy@pagecounter=\count188

(/nix/store/wgzkhxc19ycsvcd3bqk44vyyvyfy59nb-texlive-combined-full-2021.2021040
8/share/texmf/tex/latex/hyperref/pd1enc.def
File: pd1enc.def 2021-02-27 v7.00k Hyperref: PDFDocEncoding definition (HO)
Now handling font encoding PD1 ...
... no UTF-8 mapping file for font encoding PD1
)
(/nix/store/wgzkhxc19ycsvcd3bqk44vyyvyfy59nb-texlive-combined-full-2021.2021040
8/share/texmf/tex/latex/hyperref/hyperref-langpatches.def
File: hyperref-langpatches.def 2021-02-27 v7.00k Hyperref: patches for babel la
nguages
)
(/nix/store/wgzkhxc19ycsvcd3bqk44vyyvyfy59nb-texlive-combined-full-2021.2021040
8/share/texmf/tex/generic/intcalc/intcalc.sty
Package: intcalc 2019/12/15 v1.3 Expandable calculations with integers (HO)
)
(/nix/store/wgzkhxc19ycsvcd3bqk44vyyvyfy59nb-texlive-combined-full-2021.2021040
8/share/texmf/tex/generic/etexcmds/etexcmds.sty
Package: etexcmds 2019/12/15 v1.7 Avoid name clashes with e-TeX commands (HO)
)
\Hy@SavedSpaceFactor=\count189

(/nix/store/wgzkhxc19ycsvcd3bqk44vyyvyfy59nb-texlive-combined-full-2021.2021040
8/share/texmf/tex/latex/hyperref/puenc.def
File: puenc.def 2021-02-27 v7.00k Hyperref: PDF Unicode definition (HO)
Now handling font encoding PU ...
... no UTF-8 mapping file for font encoding PU
)
Package hyperref Info: Hyper figures OFF on input line 4192.
Package hyperref Info: Link nesting OFF on input line 4197.
Package hyperref Info: Hyper index ON on input line 4200.
Package hyperref Info: Plain pages OFF on input line 4207.
Package hyperref Info: Backreferencing OFF on input line 4212.
Package hyperref Info: Implicit mode ON; LaTeX internals redefined.
Package hyperref Info: Bookmarks ON on input line 4445.
\c@Hy@tempcnt=\count190

(/nix/store/wgzkhxc19ycsvcd3bqk44vyyvyfy59nb-texlive-combined-full-2021.2021040
8/share/texmf/tex/latex/url/url.sty
\Urlmuskip=\muskip16
Package: url 2013/09/16  ver 3.4  Verb mode for urls, etc.
)
LaTeX Info: Redefining \url on input line 4804.
\XeTeXLinkMargin=\dimen140

(/nix/store/wgzkhxc19ycsvcd3bqk44vyyvyfy59nb-texlive-combined-full-2021.2021040
8/share/texmf/tex/generic/bitset/bitset.sty
Package: bitset 2019/12/09 v1.3 Handle bit-vector datatype (HO)

(/nix/store/wgzkhxc19ycsvcd3bqk44vyyvyfy59nb-texlive-combined-full-2021.2021040
8/share/texmf/tex/generic/bigintcalc/bigintcalc.sty
Package: bigintcalc 2019/12/15 v1.5 Expandable calculations on big integers (HO
)
))
\Fld@menulength=\count191
\Field@Width=\dimen141
\Fld@charsize=\dimen142
Package hyperref Info: Hyper figures OFF on input line 6075.
Package hyperref Info: Link nesting OFF on input line 6080.
Package hyperref Info: Hyper index ON on input line 6083.
Package hyperref Info: backreferencing OFF on input line 6090.
Package hyperref Info: Link coloring OFF on input line 6095.
Package hyperref Info: Link coloring with OCG OFF on input line 6100.
Package hyperref Info: PDF/A mode OFF on input line 6105.
LaTeX Info: Redefining \ref on input line 6145.
LaTeX Info: Redefining \pageref on input line 6149.

(/nix/store/wgzkhxc19ycsvcd3bqk44vyyvyfy59nb-texlive-combined-full-2021.2021040
8/share/texmf/tex/latex/base/atbegshi-ltx.sty
Package: atbegshi-ltx 2020/08/17 v1.0a Emulation of the original atbegshi packa
ge
with kernel methods
)
\Hy@abspage=\count192
\c@Item=\count193
\c@Hfootnote=\count194
)
Package hyperref Info: Driver (autodetected): hpdftex.

(/nix/store/wgzkhxc19ycsvcd3bqk44vyyvyfy59nb-texlive-combined-full-2021.2021040
8/share/texmf/tex/latex/hyperref/hpdftex.def
File: hpdftex.def 2021-02-27 v7.00k Hyperref driver for pdfTeX

(/nix/store/wgzkhxc19ycsvcd3bqk44vyyvyfy59nb-texlive-combined-full-2021.2021040
8/share/texmf/tex/latex/base/atveryend-ltx.sty
Package: atveryend-ltx 2020/08/19 v1.0a Emulation of the original atvery packag
e
with kernel methods
)
\Fld@listcount=\count195
\c@bookmark@seq@number=\count196

(/nix/store/wgzkhxc19ycsvcd3bqk44vyyvyfy59nb-texlive-combined-full-2021.2021040
8/share/texmf/tex/latex/rerunfilecheck/rerunfilecheck.sty
Package: rerunfilecheck 2019/12/05 v1.9 Rerun checks for auxiliary files (HO)

(/nix/store/wgzkhxc19ycsvcd3bqk44vyyvyfy59nb-texlive-combined-full-2021.2021040
8/share/texmf/tex/generic/uniquecounter/uniquecounter.sty
Package: uniquecounter 2019/12/15 v1.4 Provide unlimited unique counter (HO)
)
Package uniquecounter Info: New unique counter `rerunfilecheck' on input line 2
86.
)
\Hy@SectionHShift=\skip49
)
(/nix/store/wgzkhxc19ycsvcd3bqk44vyyvyfy59nb-texlive-combined-full-2021.2021040
8/share/texmf/tex/latex/l3backend/l3backend-pdftex.def
File: l3backend-pdftex.def 2021-03-18 L3 backend support: PDF output (pdfTeX)
\l__color_backend_stack_int=\count197
\l__pdf_internal_box=\box47
) (./main.aux)
\openout1 = `main.aux'.

LaTeX Font Info:    Checking defaults for OML/cmm/m/it on input line 3.
LaTeX Font Info:    ... okay on input line 3.
LaTeX Font Info:    Checking defaults for OMS/cmsy/m/n on input line 3.
LaTeX Font Info:    ... okay on input line 3.
LaTeX Font Info:    Checking defaults for OT1/cmr/m/n on input line 3.
LaTeX Font Info:    ... okay on input line 3.
LaTeX Font Info:    Checking defaults for T1/cmr/m/n on input line 3.
LaTeX Font Info:    ... okay on input line 3.
LaTeX Font Info:    Checking defaults for TS1/cmr/m/n on input line 3.
LaTeX Font Info:    ... okay on input line 3.
LaTeX Font Info:    Checking defaults for OMX/cmex/m/n on input line 3.
LaTeX Font Info:    ... okay on input line 3.
LaTeX Font Info:    Checking defaults for U/cmr/m/n on input line 3.
LaTeX Font Info:    ... okay on input line 3.
LaTeX Font Info:    Checking defaults for PD1/pdf/m/n on input line 3.
LaTeX Font Info:    ... okay on input line 3.
LaTeX Font Info:    Checking defaults for PU/pdf/m/n on input line 3.
LaTeX Font Info:    ... okay on input line 3.
Package hyperref Info: Link coloring OFF on input line 3.

(/nix/store/wgzkhxc19ycsvcd3bqk44vyyvyfy59nb-texlive-combined-full-2021.2021040
8/share/texmf/tex/latex/hyperref/nameref.sty
Package: nameref 2021-04-02 v2.47 Cross-referencing by name of section

(/nix/store/wgzkhxc19ycsvcd3bqk44vyyvyfy59nb-texlive-combined-full-2021.2021040
8/share/texmf/tex/latex/refcount/refcount.sty
Package: refcount 2019/12/15 v3.6 Data extraction from label references (HO)
)
(/nix/store/wgzkhxc19ycsvcd3bqk44vyyvyfy59nb-texlive-combined-full-2021.2021040
8/share/texmf/tex/generic/gettitlestring/gettitlestring.sty
Package: gettitlestring 2019/12/15 v1.6 Cleanup title references (HO)
)
\c@section@level=\count198
)
LaTeX Info: Redefining \ref on input line 3.
LaTeX Info: Redefining \pageref on input line 3.
LaTeX Info: Redefining \nameref on input line 3.
 (./main.out)
(./main.out)
\@outlinefile=\write3
\openout3 = `main.out'.


Overfull \hbox (26.52802pt too wide) in paragraph at lines 12--12
[] \OT1/cmr/bx/n/14.4 Um restau-rante prepara 4 pratos quentes (frango,
 []


Overfull \hbox (2.7763pt too wide) in paragraph at lines 12--12
\OT1/cmr/bx/n/14.4 peixe, carne as-sada, sal-sich~ao),2 sal-adas (verde
 []


Overfull \hbox (5.253pt too wide) in paragraph at lines 12--12
\OT1/cmr/bx/n/14.4 um cliente pode se servir con-sumindo um prato
 []

LaTeX Font Info:    External font `cmex10' loaded for size
(Font)              <14.4> on input line 18.
LaTeX Font Info:    External font `cmex10' loaded for size
(Font)              <7> on input line 18.

Overfull \hbox (5.77145pt too wide) in paragraph at lines 23--23
\OT1/cmr/bx/n/14.4 cesse dois pre^^Xcos difer-entes, sendo mais baratas
 []


Overfull \hbox (0.46469pt too wide) in paragraph at lines 31--31
[]\OT1/cmr/bx/n/14.4 Quantos n^^Sumeros nat-u-rais de 3 al-gar-is-mos dis-
 []

[1

{/nix/store/wgzkhxc19ycsvcd3bqk44vyyvyfy59nb-texlive-combined-full-2021.2021040
8/share/texmf-var/fonts/map/pdftex/updmap/pdftex.map}]
Underfull \hbox (badness 10000) in paragraph at lines 55--55

 []


Underfull \hbox (badness 2828) in paragraph at lines 55--55
\TS1/cmr/bx/n/14.4 ˆ \OT1/cmr/bx/n/14.4 Onde A ^^Se o caso: ($\OT1/cmr/m/n/14.4
 4 \OMS/cmsy/m/n/14.4 ^^B \OT1/cmr/m/n/14.4 4 \OMS/cmsy/m/n/14.4 ^^B \OT1/cmr/m
/n/14.4 3 = 48$\OT1/cmr/bx/n/14.4 )
 []


Underfull \hbox (badness 2884) in paragraph at lines 55--55
\TS1/cmr/bx/n/14.4 ˆ \OT1/cmr/bx/n/14.4 Onde B ^^Se o caso: ($\OT1/cmr/m/n/14.4
 4 \OMS/cmsy/m/n/14.4 ^^B \OT1/cmr/m/n/14.4 5 \OMS/cmsy/m/n/14.4 ^^B \OT1/cmr/m
/n/14.4 4 = 80$\OT1/cmr/bx/n/14.4 )
 []


Underfull \hbox (badness 2318) in paragraph at lines 55--55
\TS1/cmr/bx/n/14.4 ˆ \OT1/cmr/bx/n/14.4 Onde C ^^Se o caso: ($\OT1/cmr/m/n/14.4
 5 \OMS/cmsy/m/n/14.4 ^^B \OT1/cmr/m/n/14.4 4 \OMS/cmsy/m/n/14.4 ^^B \OT1/cmr/m
/n/14.4 5 = 100$\OT1/cmr/bx/n/14.4 )
 []


Underfull \hbox (badness 2269) in paragraph at lines 55--55
\TS1/cmr/bx/n/14.4 ˆ \OT1/cmr/bx/n/14.4 Onde D ^^Se o caso: ($\OT1/cmr/m/n/14.4
 5 \OMS/cmsy/m/n/14.4 ^^B \OT1/cmr/m/n/14.4 5 \OMS/cmsy/m/n/14.4 ^^B \OT1/cmr/m
/n/14.4 4 = 100$\OT1/cmr/bx/n/14.4 )
 []


Underfull \hbox (badness 10000) in paragraph at lines 55--55

 []


Overfull \hbox (49.86794pt too wide) in paragraph at lines 61--61
\OT1/cmr/bx/n/14.4 tom^^Soveis obri-gat^^Sorias no pa^^S^^Ps desde o dia 31/01/
2020,
 []


Overfull \hbox (40.55771pt too wide) in paragraph at lines 63--63
[][]\TS1/cmr/bx/n/14.4 ˆ \OT1/cmr/bx/n/14.4 As pla-cas seguem a seguinte es-pec
i-fica^^Xc~ao: LLLNLNN
 []

[2]
Overfull \hbox (0.37967pt too wide) in paragraph at lines 87--87
\OT1/cmr/bx/n/14.4 seguidas de dois d^^S^^Pgitos. Quan-tas sen-has difer-
 []

[3]
Overfull \hbox (3.36967pt too wide) in paragraph at lines 111--111
\OT1/cmr/bx/n/14.4 Vale do Trevo. Ex-is-tem 45 tron-cos telef^onicos
 []

[4]
Underfull \hbox (badness 10000) in paragraph at lines 140--140
[][]\OT1/cmr/bx/n/14.4 Resposta:
 []


Overfull \hbox (27.46164pt too wide) in paragraph at lines 140--140
\OT1/cmr/bx/n/14.4 ou seja um n^^Sumero de 11 d^^S^^Pgitos: ($\OT1/cmr/m/n/14.4
 10[] = 100000000000$\OT1/cmr/bx/n/14.4 )
 []


Overfull \hbox (43.61131pt too wide) in paragraph at lines 145--145
[]\OT1/cmr/bx/n/14.4 Um pr^^Sedio com-prou um novo sis-tema de fechaduras
 []

[5]
Underfull \hbox (badness 10000) in paragraph at lines 164--164

 []


Underfull \hbox (badness 10000) in paragraph at lines 164--164
\OT1/cmr/bx/n/14.4 ^^Sunica le-tra po-dem ser pal^^S^^Pndromos
 []

LaTeX Font Info:    Font shape `OT1/cmtt/bx/n' in size <14.4> not available
(Font)              Font shape `OT1/cmtt/m/n' tried instead on input line 167.

Overfull \hbox (13.70628pt too wide) in paragraph at lines 168--168
[][]\OT1/cmr/bx/n/14.4 ALCANTARA, Frank Coelho de. AN[]ALISE COM-
 []


Overfull \hbox (16.20459pt too wide) in paragraph at lines 168--168
\OT1/cmr/bx/n/14.4 BI-NAT[]ORIA PRIMEIRA PARTE. Cu-ritiba: PUC-
 []


Overfull \hbox (40.3194pt too wide) in paragraph at lines 168--168
\OT1/cmtt/m/n/14.4 / / pucpr . instructure . com / courses / 16138 / files ? pr
eview =
 []

[6] [7] (./main.aux)
Package rerunfilecheck Info: File `main.out' has not changed.
(rerunfilecheck)             Checksum: 1630217F54E442B680E11169A0FD5CA0;13897.
 ) 
Here is how much of TeX's memory you used:
 7023 strings out of 478994
 109798 string characters out of 5829509
 402153 words of memory out of 5000000
 24417 multiletter control sequences out of 15000+600000
 405160 words of font info for 33 fonts, out of 8000000 for 9000
 1141 hyphenation exceptions out of 8191
 71i,6n,74p,1685b,386s stack positions out of 5000i,500n,10000p,200000b,80000s
{/nix/store/wgzkhxc19ycsvcd3bqk44vyyvyfy59nb-texlive-combined-full-2021.20210
408/share/texmf/fonts/enc/dvips/cm-super/cm-super-ts1.enc}</nix/store/wgzkhxc19
ycsvcd3bqk44vyyvyfy59nb-texlive-combined-full-2021.20210408/share/texmf/fonts/t
ype1/public/amsfonts/cm/cmbx12.pfb></nix/store/wgzkhxc19ycsvcd3bqk44vyyvyfy59nb
-texlive-combined-full-2021.20210408/share/texmf/fonts/type1/public/amsfonts/cm
/cmmi12.pfb></nix/store/wgzkhxc19ycsvcd3bqk44vyyvyfy59nb-texlive-combined-full-
2021.20210408/share/texmf/fonts/type1/public/amsfonts/cm/cmr10.pfb></nix/store/
wgzkhxc19ycsvcd3bqk44vyyvyfy59nb-texlive-combined-full-2021.20210408/share/texm
f/fonts/type1/public/amsfonts/cm/cmr12.pfb></nix/store/wgzkhxc19ycsvcd3bqk44vyy
vyfy59nb-texlive-combined-full-2021.20210408/share/texmf/fonts/type1/public/ams
fonts/cm/cmsy10.pfb></nix/store/wgzkhxc19ycsvcd3bqk44vyyvyfy59nb-texlive-combin
ed-full-2021.20210408/share/texmf/fonts/type1/public/amsfonts/cm/cmtt12.pfb></n
ix/store/wgzkhxc19ycsvcd3bqk44vyyvyfy59nb-texlive-combined-full-2021.20210408/s
hare/texmf/fonts/type1/public/cm-super/sfbx1440.pfb>
Output written on main.pdf (7 pages, 80461 bytes).
PDF statistics:
 179 PDF objects out of 1000 (max. 8388607)
 161 compressed objects within 2 object streams
 55 named destinations out of 1000 (max. 500000)
 121 words of extra memory for PDF output out of 10000 (max. 10000000)

